<?xml version="1.0" encoding="UTF-8"?>
<!-- Generated by org.testng.reporters.JUnitXMLReporter -->
<testsuite ignored="0" hostname="Jijos-Air.lan" failures="2" tests="13" name="TestClassSignup" time="449.518" errors="0" timestamp="2022-03-20T12:06:14 GST">
  <testcase classname="com.TrainerManagementSystem.scripts.TestClassSignup" name="VerifySignUPMenuTCB2G70011" time="0.66"/>
  <testcase classname="com.TrainerManagementSystem.scripts.TestClassSignup" name="VerifySignUpTCB2G70012" time="15.372"/>
  <testcase classname="com.TrainerManagementSystem.scripts.TestClassSignup" name="VerifySignUpwithoutCourseTCB2G70023" time="36.742">
    <failure type="java.lang.AssertionError">
      <![CDATA[java.lang.AssertionError: 
at com.TrainerManagementSystem.scripts.TestClassSignup.VerifySignUpwithoutCourseTCB2G70023(TestClassSignup.java:269)
at java.base/java.util.ArrayList.forEach(ArrayList.java:1511)
at java.base/java.util.concurrent.FutureTask.run(FutureTask.java:264)
at java.base/java.util.concurrent.ThreadPoolExecutor.runWorker(ThreadPoolExecutor.java:1130)
at java.base/java.util.concurrent.ThreadPoolExecutor$Worker.run(ThreadPoolExecutor.java:630)
at java.base/java.lang.Thread.run(Thread.java:831)
... Removed 21 stack frames]]>
    </failure>
  </testcase> <!-- VerifySignUpwithoutCourseTCB2G70023 -->
  <testcase classname="com.TrainerManagementSystem.scripts.TestClassSignup" name="VerifyValidNameTCB2G70021" time="34.133"/>
  <testcase classname="com.TrainerManagementSystem.scripts.TestClassSignup" name="VerifyInvalidNameTCB2G70022" time="34.369"/>
  <testcase classname="com.TrainerManagementSystem.scripts.TestClassSignup" name="VerifyInvalidPhoneUsingStringsTCB2G70016" time="34.343"/>
  <testcase classname="com.TrainerManagementSystem.scripts.TestClassSignup" name="VerifyInvalidPhoneTCB2G70015" time="34.048"/>
  <testcase classname="com.TrainerManagementSystem.scripts.TestClassSignup" name="VerifyInvalidEmailTCB2G70020" time="34.415"/>
  <testcase classname="com.TrainerManagementSystem.scripts.TestClassSignup" name="VerifyValidEmailTCB2G70019" time="35.474"/>
  <testcase classname="com.TrainerManagementSystem.scripts.TestClassSignup" name="VerifyPasParameterTCB2G70086" time="36.711"/>
  <testcase classname="com.TrainerManagementSystem.scripts.TestClassSignup" name="VerifyEnteredSamePassTCB2G70017" time="34.478"/>
  <testcase classname="com.TrainerManagementSystem.scripts.TestClassSignup" name="VerifyEnteredDiffPassTCB2G70018" time="34.788"/>
  <testcase classname="com.TrainerManagementSystem.scripts.TestClassSignup" name="ListCourseTCB2G70013" time="34.398">
    <failure type="java.lang.AssertionError" message="expected:&amp;lt;4&amp;gt; but was:&amp;lt;6&amp;gt;">
      <![CDATA[java.lang.AssertionError: expected:<4> but was:<6>
at com.TrainerManagementSystem.scripts.TestClassSignup.ListCourseTCB2G70013(TestClassSignup.java:100)
at java.base/java.util.ArrayList.forEach(ArrayList.java:1511)
at java.base/java.util.concurrent.FutureTask.run(FutureTask.java:264)
at java.base/java.util.concurrent.ThreadPoolExecutor.runWorker(ThreadPoolExecutor.java:1130)
at java.base/java.util.concurrent.ThreadPoolExecutor$Worker.run(ThreadPoolExecutor.java:630)
at java.base/java.lang.Thread.run(Thread.java:831)
... Removed 23 stack frames]]>
    </failure>
  </testcase> <!-- ListCourseTCB2G70013 -->
</testsuite> <!-- TestClassSignup -->
