<?xml version="1.0" encoding="UTF-8"?>
<!-- Generated by org.testng.reporters.JUnitXMLReporter -->
<testsuite ignored="0" hostname="Jijos-Air.lan" failures="1" tests="7" name="TestClassAdminApproval" time="93.455" errors="0" timestamp="2022-03-20T12:01:31 GST">
  <testcase classname="com.TrainerManagementSystem.scripts.TestClassAdminApproval" name="VerifyContentsTableTCB2G70030" time="13.559"/>
  <testcase classname="com.TrainerManagementSystem.scripts.TestClassAdminApproval" name="VerifyFooterDisplayTCB2G70032" time="0.149"/>
  <testcase classname="com.TrainerManagementSystem.scripts.TestClassAdminApproval" name="VerifyContentsTableTCB2G70033" time="0.387"/>
  <testcase classname="com.TrainerManagementSystem.scripts.TestClassAdminApproval" name="VerifyApproveButtonTCB2G70035" time="0.655"/>
  <testcase classname="com.TrainerManagementSystem.scripts.TestClassAdminApproval" name="VerifyApproveWithoutEmpTypeTCB2G70034" time="0.674">
    <failure type="java.lang.AssertionError">
      <![CDATA[java.lang.AssertionError: 
at com.TrainerManagementSystem.scripts.TestClassAdminApproval.VerifyApproveWithoutEmpTypeTCB2G70034(TestClassAdminApproval.java:99)
at java.base/java.util.ArrayList.forEach(ArrayList.java:1511)
at java.base/java.util.concurrent.FutureTask.run(FutureTask.java:264)
at java.base/java.util.concurrent.ThreadPoolExecutor.runWorker(ThreadPoolExecutor.java:1130)
at java.base/java.util.concurrent.ThreadPoolExecutor$Worker.run(ThreadPoolExecutor.java:630)
at java.base/java.lang.Thread.run(Thread.java:831)
... Removed 21 stack frames]]>
    </failure>
  </testcase> <!-- VerifyApproveWithoutEmpTypeTCB2G70034 -->
  <testcase classname="com.TrainerManagementSystem.scripts.TestClassAdminApproval" name="VerifyRejectButtonTCB2G70037" time="0.223"/>
  <testcase classname="com.TrainerManagementSystem.scripts.TestClassAdminApproval" name="VerifyPageScrollingTCB2G70031" time="0.096"/>
</testsuite> <!-- TestClassAdminApproval -->
