<?xml version="1.0" encoding="UTF-8"?>
<!-- Generated by org.testng.reporters.JUnitXMLReporter -->
<testsuite ignored="0" hostname="Jijos-Air.lan" failures="1" tests="7" name="TestClassEditTrainerProfile" time="140.491" errors="0" timestamp="2022-03-20T12:08:34 GST">
  <testcase classname="com.TrainerManagementSystem.scripts.TestClassEditTrainerProfile" name="VerifyEditPersonalDetailsPageTCB2G70071A" time="1.038">
    <failure type="java.lang.AssertionError" message="expected:&amp;lt;true&amp;gt; but was:&amp;lt;false&amp;gt;">
      <![CDATA[java.lang.AssertionError: expected:<true> but was:<false>
at com.TrainerManagementSystem.scripts.TestClassEditTrainerProfile.VerifyEditPersonalDetailsPageTCB2G70071A(TestClassEditTrainerProfile.java:44)
at java.base/java.util.ArrayList.forEach(ArrayList.java:1511)
at java.base/java.util.concurrent.FutureTask.run(FutureTask.java:264)
at java.base/java.util.concurrent.ThreadPoolExecutor.runWorker(ThreadPoolExecutor.java:1130)
at java.base/java.util.concurrent.ThreadPoolExecutor$Worker.run(ThreadPoolExecutor.java:630)
at java.base/java.lang.Thread.run(Thread.java:831)
... Removed 23 stack frames]]>
    </failure>
  </testcase> <!-- VerifyEditPersonalDetailsPageTCB2G70071A -->
  <testcase classname="com.TrainerManagementSystem.scripts.TestClassEditTrainerProfile" name="VerifyEditPersonalDetailsPageTCB2G70071B" time="38.324"/>
  <testcase classname="com.TrainerManagementSystem.scripts.TestClassEditTrainerProfile" name="VerifyEditPersonalDetailsPhotoTCB2G70072" time="3.212"/>
  <testcase classname="com.TrainerManagementSystem.scripts.TestClassEditTrainerProfile" name="VerifyTrainerAllocationDetailsPageTCB2G70074" time="34.258"/>
  <testcase classname="com.TrainerManagementSystem.scripts.TestClassEditTrainerProfile" name="VerifyScrollbarTCB2G70078" time="0.031"/>
  <testcase classname="com.TrainerManagementSystem.scripts.TestClassEditTrainerProfile" name="VerifyScrollbarTCB2G70080" time="0.025"/>
  <testcase classname="com.TrainerManagementSystem.scripts.TestClassEditTrainerProfile" name="VerifyFooterTCB2G70081" time="0.254"/>
</testsuite> <!-- TestClassEditTrainerProfile -->
