<html>
<head>
<title>TestNG:  TestClassSignup</title>
<link href="../testng.css" rel="stylesheet" type="text/css" />
<link href="../my-testng.css" rel="stylesheet" type="text/css" />

<style type="text/css">
.log { display: none;} 
.stack-trace { display: none;} 
</style>
<script type="text/javascript">
<!--
function flip(e) {
  current = e.style.display;
  if (current == 'block') {
    e.style.display = 'none';
    return 0;
  }
  else {
    e.style.display = 'block';
    return 1;
  }
}

function toggleBox(szDivId, elem, msg1, msg2)
{
  var res = -1;  if (document.getElementById) {
    res = flip(document.getElementById(szDivId));
  }
  else if (document.all) {
    // this is the way old msie versions work
    res = flip(document.all[szDivId]);
  }
  if(elem) {
    if(res == 0) elem.innerHTML = msg1; else elem.innerHTML = msg2;
  }

}

function toggleAllBoxes() {
  if (document.getElementsByTagName) {
    d = document.getElementsByTagName('div');
    for (i = 0; i < d.length; i++) {
      if (d[i].className == 'log') {
        flip(d[i]);
      }
    }
  }
}

// -->
</script>

</head>
<body>
<h2 align='center'>TestClassSignup</h2><table border='1' align="center">
<tr>
<td>Tests passed/Failed/Skipped:</td><td>11/2/0</td>
</tr><tr>
<td>Started on:</td><td>Sun Mar 20 11:58:44 GST 2022</td>
</tr>
<tr><td>Total time:</td><td>449 seconds (449518 ms)</td>
</tr><tr>
<td>Included groups:</td><td></td>
</tr><tr>
<td>Excluded groups:</td><td></td>
</tr>
</table><p/>
<small><i>(Hover the method name to see the test class name)</i></small><p/>
<table width='100%' border='1' class='invocation-failed'>
<tr><td colspan='4' align='center'><b>FAILED TESTS</b></td></tr>
<tr><td><b>Test method</b></td>
<td width="30%"><b>Exception</b></td>
<td width="10%"><b>Time (seconds)</b></td>
<td><b>Instance</b></td>
</tr>
<tr>
<td title='com.TrainerManagementSystem.scripts.TestClassSignup.VerifySignUpwithoutCourseTCB2G70023()'><b>VerifySignUpwithoutCourseTCB2G70023</b><br>Test class: com.TrainerManagementSystem.scripts.TestClassSignup</td>
<td><div><pre>java.lang.AssertionError: 
	at com.TrainerManagementSystem.scripts.TestClassSignup.VerifySignUpwithoutCourseTCB2G70023(TestClassSignup.java:269)
	at java.base/java.util.ArrayList.forEach(ArrayList.java:1511)
	at java.base/java.util.concurrent.FutureTask.run(FutureTask.java:264)
	at java.base/java.util.concurrent.ThreadPoolExecutor.runWorker(ThreadPoolExecutor.java:1130)
	at java.base/java.util.concurrent.ThreadPoolExecutor$Worker.run(ThreadPoolExecutor.java:630)
	at java.base/java.lang.Thread.run(Thread.java:831)
... Removed 21 stack frames</pre></div><a href='#' onClick='toggleBox("stack-trace1044539632", this, "Click to show all stack frames", "Click to hide stack frames")'>Click to show all stack frames</a>
<div class='stack-trace' id='stack-trace1044539632'><pre>java.lang.AssertionError: 
	at org.testng.AssertJUnit.fail(AssertJUnit.java:65)
	at org.testng.AssertJUnit.assertTrue(AssertJUnit.java:23)
	at org.testng.AssertJUnit.assertTrue(AssertJUnit.java:33)
	at com.TrainerManagementSystem.scripts.TestClassSignup.VerifySignUpwithoutCourseTCB2G70023(TestClassSignup.java:269)
	at java.base/jdk.internal.reflect.NativeMethodAccessorImpl.invoke0(Native Method)
	at java.base/jdk.internal.reflect.NativeMethodAccessorImpl.invoke(NativeMethodAccessorImpl.java:78)
	at java.base/jdk.internal.reflect.DelegatingMethodAccessorImpl.invoke(DelegatingMethodAccessorImpl.java:43)
	at java.base/java.lang.reflect.Method.invoke(Method.java:567)
	at org.testng.internal.MethodInvocationHelper.invokeMethod(MethodInvocationHelper.java:133)
	at org.testng.internal.TestInvoker.invokeMethod(TestInvoker.java:598)
	at org.testng.internal.TestInvoker.invokeTestMethod(TestInvoker.java:173)
	at org.testng.internal.MethodRunner.runInSequence(MethodRunner.java:46)
	at org.testng.internal.TestInvoker$MethodInvocationAgent.invoke(TestInvoker.java:824)
	at org.testng.internal.TestInvoker.invokeTestMethods(TestInvoker.java:146)
	at org.testng.internal.TestMethodWorker.invokeTestMethods(TestMethodWorker.java:146)
	at org.testng.internal.TestMethodWorker.run(TestMethodWorker.java:128)
	at java.base/java.util.ArrayList.forEach(ArrayList.java:1511)
	at org.testng.TestRunner.privateRun(TestRunner.java:794)
	at org.testng.TestRunner.run(TestRunner.java:596)
	at org.testng.SuiteRunner.runTest(SuiteRunner.java:377)
	at org.testng.SuiteRunner.access$000(SuiteRunner.java:28)
	at org.testng.SuiteRunner$SuiteWorker.run(SuiteRunner.java:418)
	at org.testng.internal.thread.ThreadUtil.lambda$execute$0(ThreadUtil.java:64)
	at java.base/java.util.concurrent.FutureTask.run(FutureTask.java:264)
	at java.base/java.util.concurrent.ThreadPoolExecutor.runWorker(ThreadPoolExecutor.java:1130)
	at java.base/java.util.concurrent.ThreadPoolExecutor$Worker.run(ThreadPoolExecutor.java:630)
	at java.base/java.lang.Thread.run(Thread.java:831)
</pre></div></td>
<td>36</td>
<td>com.TrainerManagementSystem.scripts.TestClassSignup@4c39bec8</td></tr>
<tr>
<td title='com.TrainerManagementSystem.scripts.TestClassSignup.ListCourseTCB2G70013()'><b>ListCourseTCB2G70013</b><br>Test class: com.TrainerManagementSystem.scripts.TestClassSignup</td>
<td><div><pre>java.lang.AssertionError: expected:&lt;4&gt; but was:&lt;6&gt;
	at com.TrainerManagementSystem.scripts.TestClassSignup.ListCourseTCB2G70013(TestClassSignup.java:100)
	at java.base/java.util.ArrayList.forEach(ArrayList.java:1511)
	at java.base/java.util.concurrent.FutureTask.run(FutureTask.java:264)
	at java.base/java.util.concurrent.ThreadPoolExecutor.runWorker(ThreadPoolExecutor.java:1130)
	at java.base/java.util.concurrent.ThreadPoolExecutor$Worker.run(ThreadPoolExecutor.java:630)
	at java.base/java.lang.Thread.run(Thread.java:831)
... Removed 23 stack frames</pre></div><a href='#' onClick='toggleBox("stack-trace1947022339", this, "Click to show all stack frames", "Click to hide stack frames")'>Click to show all stack frames</a>
<div class='stack-trace' id='stack-trace1947022339'><pre>java.lang.AssertionError: expected:&lt;4&gt; but was:&lt;6&gt;
	at org.testng.AssertJUnit.fail(AssertJUnit.java:65)
	at org.testng.AssertJUnit.failNotEquals(AssertJUnit.java:468)
	at org.testng.AssertJUnit.assertEquals(AssertJUnit.java:88)
	at org.testng.AssertJUnit.assertEquals(AssertJUnit.java:318)
	at org.testng.AssertJUnit.assertEquals(AssertJUnit.java:328)
	at com.TrainerManagementSystem.scripts.TestClassSignup.ListCourseTCB2G70013(TestClassSignup.java:100)
	at java.base/jdk.internal.reflect.NativeMethodAccessorImpl.invoke0(Native Method)
	at java.base/jdk.internal.reflect.NativeMethodAccessorImpl.invoke(NativeMethodAccessorImpl.java:78)
	at java.base/jdk.internal.reflect.DelegatingMethodAccessorImpl.invoke(DelegatingMethodAccessorImpl.java:43)
	at java.base/java.lang.reflect.Method.invoke(Method.java:567)
	at org.testng.internal.MethodInvocationHelper.invokeMethod(MethodInvocationHelper.java:133)
	at org.testng.internal.TestInvoker.invokeMethod(TestInvoker.java:598)
	at org.testng.internal.TestInvoker.invokeTestMethod(TestInvoker.java:173)
	at org.testng.internal.MethodRunner.runInSequence(MethodRunner.java:46)
	at org.testng.internal.TestInvoker$MethodInvocationAgent.invoke(TestInvoker.java:824)
	at org.testng.internal.TestInvoker.invokeTestMethods(TestInvoker.java:146)
	at org.testng.internal.TestMethodWorker.invokeTestMethods(TestMethodWorker.java:146)
	at org.testng.internal.TestMethodWorker.run(TestMethodWorker.java:128)
	at java.base/java.util.ArrayList.forEach(ArrayList.java:1511)
	at org.testng.TestRunner.privateRun(TestRunner.java:794)
	at org.testng.TestRunner.run(TestRunner.java:596)
	at org.testng.SuiteRunner.runTest(SuiteRunner.java:377)
	at org.testng.SuiteRunner.access$000(SuiteRunner.java:28)
	at org.testng.SuiteRunner$SuiteWorker.run(SuiteRunner.java:418)
	at org.testng.internal.thread.ThreadUtil.lambda$execute$0(ThreadUtil.java:64)
	at java.base/java.util.concurrent.FutureTask.run(FutureTask.java:264)
	at java.base/java.util.concurrent.ThreadPoolExecutor.runWorker(ThreadPoolExecutor.java:1130)
	at java.base/java.util.concurrent.ThreadPoolExecutor$Worker.run(ThreadPoolExecutor.java:630)
	at java.base/java.lang.Thread.run(Thread.java:831)
</pre></div></td>
<td>34</td>
<td>com.TrainerManagementSystem.scripts.TestClassSignup@4c39bec8</td></tr>
</table><p>
<table width='100%' border='1' class='invocation-passed'>
<tr><td colspan='4' align='center'><b>PASSED TESTS</b></td></tr>
<tr><td><b>Test method</b></td>
<td width="30%"><b>Exception</b></td>
<td width="10%"><b>Time (seconds)</b></td>
<td><b>Instance</b></td>
</tr>
<tr>
<td title='com.TrainerManagementSystem.scripts.TestClassSignup.VerifyInvalidPhoneUsingStringsTCB2G70016()'><b>VerifyInvalidPhoneUsingStringsTCB2G70016</b><br>Test class: com.TrainerManagementSystem.scripts.TestClassSignup</td>
<td></td>
<td>34</td>
<td>com.TrainerManagementSystem.scripts.TestClassSignup@4c39bec8</td></tr>
<tr>
<td title='com.TrainerManagementSystem.scripts.TestClassSignup.VerifyInvalidNameTCB2G70022()'><b>VerifyInvalidNameTCB2G70022</b><br>Test class: com.TrainerManagementSystem.scripts.TestClassSignup</td>
<td></td>
<td>34</td>
<td>com.TrainerManagementSystem.scripts.TestClassSignup@4c39bec8</td></tr>
<tr>
<td title='com.TrainerManagementSystem.scripts.TestClassSignup.VerifyInvalidPhoneTCB2G70015()'><b>VerifyInvalidPhoneTCB2G70015</b><br>Test class: com.TrainerManagementSystem.scripts.TestClassSignup</td>
<td></td>
<td>34</td>
<td>com.TrainerManagementSystem.scripts.TestClassSignup@4c39bec8</td></tr>
<tr>
<td title='com.TrainerManagementSystem.scripts.TestClassSignup.VerifySignUpTCB2G70012()'><b>VerifySignUpTCB2G70012</b><br>Test class: com.TrainerManagementSystem.scripts.TestClassSignup</td>
<td></td>
<td>15</td>
<td>com.TrainerManagementSystem.scripts.TestClassSignup@4c39bec8</td></tr>
<tr>
<td title='com.TrainerManagementSystem.scripts.TestClassSignup.VerifyInvalidEmailTCB2G70020()'><b>VerifyInvalidEmailTCB2G70020</b><br>Test class: com.TrainerManagementSystem.scripts.TestClassSignup</td>
<td></td>
<td>34</td>
<td>com.TrainerManagementSystem.scripts.TestClassSignup@4c39bec8</td></tr>
<tr>
<td title='com.TrainerManagementSystem.scripts.TestClassSignup.VerifySignUPMenuTCB2G70011()'><b>VerifySignUPMenuTCB2G70011</b><br>Test class: com.TrainerManagementSystem.scripts.TestClassSignup</td>
<td></td>
<td>0</td>
<td>com.TrainerManagementSystem.scripts.TestClassSignup@4c39bec8</td></tr>
<tr>
<td title='com.TrainerManagementSystem.scripts.TestClassSignup.VerifyValidEmailTCB2G70019()'><b>VerifyValidEmailTCB2G70019</b><br>Test class: com.TrainerManagementSystem.scripts.TestClassSignup</td>
<td></td>
<td>35</td>
<td>com.TrainerManagementSystem.scripts.TestClassSignup@4c39bec8</td></tr>
<tr>
<td title='com.TrainerManagementSystem.scripts.TestClassSignup.VerifyValidNameTCB2G70021()'><b>VerifyValidNameTCB2G70021</b><br>Test class: com.TrainerManagementSystem.scripts.TestClassSignup</td>
<td></td>
<td>34</td>
<td>com.TrainerManagementSystem.scripts.TestClassSignup@4c39bec8</td></tr>
<tr>
<td title='com.TrainerManagementSystem.scripts.TestClassSignup.VerifyEnteredDiffPassTCB2G70018()'><b>VerifyEnteredDiffPassTCB2G70018</b><br>Test class: com.TrainerManagementSystem.scripts.TestClassSignup</td>
<td></td>
<td>34</td>
<td>com.TrainerManagementSystem.scripts.TestClassSignup@4c39bec8</td></tr>
<tr>
<td title='com.TrainerManagementSystem.scripts.TestClassSignup.VerifyPasParameterTCB2G70086()'><b>VerifyPasParameterTCB2G70086</b><br>Test class: com.TrainerManagementSystem.scripts.TestClassSignup</td>
<td></td>
<td>36</td>
<td>com.TrainerManagementSystem.scripts.TestClassSignup@4c39bec8</td></tr>
<tr>
<td title='com.TrainerManagementSystem.scripts.TestClassSignup.VerifyEnteredSamePassTCB2G70017()'><b>VerifyEnteredSamePassTCB2G70017</b><br>Test class: com.TrainerManagementSystem.scripts.TestClassSignup</td>
<td></td>
<td>34</td>
<td>com.TrainerManagementSystem.scripts.TestClassSignup@4c39bec8</td></tr>
</table><p>
</body>
</html>