<?xml version="1.0" encoding="UTF-8"?>
<!-- Generated by org.testng.reporters.JUnitXMLReporter -->
<testsuite ignored="0" hostname="Jijos-Air.lan" failures="3" tests="3" name="TestClassSocialMediaLinks(failed)" time="65.818" errors="0" timestamp="2022-03-20T10:39:42 GST">
  <testcase classname="com.TrainerManagementSystem.scripts.TestClassSocialMediaLinks" name="TCB2G70006_Instagram" time="5.179">
    <failure type="org.openqa.selenium.ElementClickInterceptedException" message="element click intercepted: Element is not clickable at point (762, 3138)
  (Session info: chrome=99.0.4844.51)
Build info: version: &amp;apos;3.141.59&amp;apos;, revision: &amp;apos;e82be7d358&amp;apos;, time: &amp;apos;2018-11-14T08:17:03&amp;apos;
System info: host: &amp;apos;Jijos-Air.lan&amp;apos;, ip: &amp;apos;fd49:6281:d0e1:0:1c3e:a2d2:fa9:4f80%en0&amp;apos;, os.name: &amp;apos;Mac OS X&amp;apos;, os.arch: &amp;apos;x86_64&amp;apos;, os.version: &amp;apos;11.5&amp;apos;, java.version: &amp;apos;16.0.1&amp;apos;
Driver info: org.openqa.selenium.chrome.ChromeDriver
Capabilities {acceptInsecureCerts: false, browserName: chrome, browserVersion: 99.0.4844.51, chrome: {chromedriverVersion: 99.0.4844.51 (d537ec02474b5..., userDataDir: /var/folders/1r/fcbkcqwx6qv...}, goog:chromeOptions: {debuggerAddress: localhost:63992}, javascriptEnabled: true, networkConnectionEnabled: false, pageLoadStrategy: normal, platform: MAC, platformName: MAC, proxy: Proxy(), setWindowRect: true, strictFileInteractability: false, timeouts: {implicit: 0, pageLoad: 300000, script: 30000}, unhandledPromptBehavior: dismiss and notify, webauthn:extension:credBlob: true, webauthn:extension:largeBlob: true, webauthn:virtualAuthenticators: true}
Session ID: 9a29490b1d210427b328d056a396fb96">
      <![CDATA[org.openqa.selenium.ElementClickInterceptedException: element click intercepted: Element is not clickable at point (762, 3138)
  (Session info: chrome=99.0.4844.51)
Build info: version: '3.141.59', revision: 'e82be7d358', time: '2018-11-14T08:17:03'
System info: host: 'Jijos-Air.lan', ip: 'fd49:6281:d0e1:0:1c3e:a2d2:fa9:4f80%en0', os.name: 'Mac OS X', os.arch: 'x86_64', os.version: '11.5', java.version: '16.0.1'
Driver info: org.openqa.selenium.chrome.ChromeDriver
Capabilities {acceptInsecureCerts: false, browserName: chrome, browserVersion: 99.0.4844.51, chrome: {chromedriverVersion: 99.0.4844.51 (d537ec02474b5..., userDataDir: /var/folders/1r/fcbkcqwx6qv...}, goog:chromeOptions: {debuggerAddress: localhost:63992}, javascriptEnabled: true, networkConnectionEnabled: false, pageLoadStrategy: normal, platform: MAC, platformName: MAC, proxy: Proxy(), setWindowRect: true, strictFileInteractability: false, timeouts: {implicit: 0, pageLoad: 300000, script: 30000}, unhandledPromptBehavior: dismiss and notify, webauthn:extension:credBlob: true, webauthn:extension:largeBlob: true, webauthn:virtualAuthenticators: true}
Session ID: 9a29490b1d210427b328d056a396fb96
at org.openqa.selenium.remote.http.W3CHttpResponseCodec.createException(W3CHttpResponseCodec.java:187)
at org.openqa.selenium.remote.http.W3CHttpResponseCodec.decode(W3CHttpResponseCodec.java:122)
at org.openqa.selenium.remote.http.W3CHttpResponseCodec.decode(W3CHttpResponseCodec.java:49)
at org.openqa.selenium.remote.HttpCommandExecutor.execute(HttpCommandExecutor.java:158)
at org.openqa.selenium.remote.service.DriverCommandExecutor.execute(DriverCommandExecutor.java:83)
at org.openqa.selenium.remote.RemoteWebDriver.execute(RemoteWebDriver.java:552)
at org.openqa.selenium.remote.RemoteWebElement.execute(RemoteWebElement.java:285)
at org.openqa.selenium.remote.RemoteWebElement.click(RemoteWebElement.java:84)
at org.openqa.selenium.support.pagefactory.internal.LocatingElementHandler.invoke(LocatingElementHandler.java:51)
at jdk.proxy2/jdk.proxy2.$Proxy13.click(Unknown Source)
at com.TrainerManagementSystem.pages.SocialMediaLinks.ClickInstaLink(SocialMediaLinks.java:40)
at com.TrainerManagementSystem.scripts.TestClassSocialMediaLinks.TCB2G70006_Instagram(TestClassSocialMediaLinks.java:63)
at java.base/java.util.ArrayList.forEach(ArrayList.java:1511)
at java.base/java.util.concurrent.FutureTask.run(FutureTask.java:264)
at java.base/java.util.concurrent.ThreadPoolExecutor.runWorker(ThreadPoolExecutor.java:1130)
at java.base/java.util.concurrent.ThreadPoolExecutor$Worker.run(ThreadPoolExecutor.java:630)
at java.base/java.lang.Thread.run(Thread.java:831)
... Removed 27 stack frames]]>
    </failure>
  </testcase> <!-- TCB2G70006_Instagram -->
  <testcase classname="com.TrainerManagementSystem.scripts.TestClassSocialMediaLinks" name="TCB2G70006_Twitter" time="6.148">
    <failure type="java.lang.AssertionError" message="expected:&amp;lt;https://trainermanagement.herokuapp.com/&amp;gt; but was:&amp;lt;https://twitter.com/?lang=en&amp;gt;">
      <![CDATA[java.lang.AssertionError: expected:<https://trainermanagement.herokuapp.com/> but was:<https://twitter.com/?lang=en>
at com.TrainerManagementSystem.scripts.TestClassSocialMediaLinks.TCB2G70006_Twitter(TestClassSocialMediaLinks.java:52)
at java.base/java.util.ArrayList.forEach(ArrayList.java:1511)
at java.base/java.util.concurrent.FutureTask.run(FutureTask.java:264)
at java.base/java.util.concurrent.ThreadPoolExecutor.runWorker(ThreadPoolExecutor.java:1130)
at java.base/java.util.concurrent.ThreadPoolExecutor$Worker.run(ThreadPoolExecutor.java:630)
at java.base/java.lang.Thread.run(Thread.java:831)
... Removed 20 stack frames]]>
    </failure>
  </testcase> <!-- TCB2G70006_Twitter -->
  <testcase classname="com.TrainerManagementSystem.scripts.TestClassSocialMediaLinks" name="TCB2G70006_FaceBook" time="4.141">
    <failure type="java.lang.AssertionError" message="expected:&amp;lt;https://trainermanagement.herokuapp.com/&amp;gt; but was:&amp;lt;https://www.facebook.com/&amp;gt;">
      <![CDATA[java.lang.AssertionError: expected:<https://trainermanagement.herokuapp.com/> but was:<https://www.facebook.com/>
at com.TrainerManagementSystem.scripts.TestClassSocialMediaLinks.TCB2G70006_FaceBook(TestClassSocialMediaLinks.java:37)
at java.base/java.util.ArrayList.forEach(ArrayList.java:1511)
at java.base/java.util.concurrent.FutureTask.run(FutureTask.java:264)
at java.base/java.util.concurrent.ThreadPoolExecutor.runWorker(ThreadPoolExecutor.java:1130)
at java.base/java.util.concurrent.ThreadPoolExecutor$Worker.run(ThreadPoolExecutor.java:630)
at java.base/java.lang.Thread.run(Thread.java:831)
... Removed 20 stack frames]]>
    </failure>
  </testcase> <!-- TCB2G70006_FaceBook -->
</testsuite> <!-- TestClassSocialMediaLinks(failed) -->
