<?xml version="1.0" encoding="UTF-8"?>
<!-- Generated by org.testng.reporters.JUnitReportReporter -->
<testsuite hostname="Jijos-Air.lan" failures="1" tests="7" name="com.TrainerManagementSystem.scripts.TestClassAdminApproval" time="16.743" errors="0" timestamp="2022-03-20T12:08:34 GST" skipped="0">
  <testcase classname="com.TrainerManagementSystem.scripts.TestClassAdminApproval" name="VerifyContentsTableTCB2G70030" time="13.559"/>
  <system-out/>
  <testcase classname="com.TrainerManagementSystem.scripts.TestClassAdminApproval" name="VerifyFooterDisplayTCB2G70032" time="1.148"/>
  <system-out/>
  <testcase classname="com.TrainerManagementSystem.scripts.TestClassAdminApproval" name="VerifyContentsTableTCB2G70033" time="0.387"/>
  <system-out/>
  <testcase classname="com.TrainerManagementSystem.scripts.TestClassAdminApproval" name="VerifyApproveButtonTCB2G70035" time="0.655"/>
  <system-out/>
  <testcase classname="com.TrainerManagementSystem.scripts.TestClassAdminApproval" name="VerifyApproveWithoutEmpTypeTCB2G70034" time="0.674">
    <failure message="" type="java.lang.AssertionError">
      <![CDATA[java.lang.AssertionError: 
at org.testng.AssertJUnit.fail(AssertJUnit.java:65)
at org.testng.AssertJUnit.assertTrue(AssertJUnit.java:23)
at org.testng.AssertJUnit.assertTrue(AssertJUnit.java:33)
at com.TrainerManagementSystem.scripts.TestClassAdminApproval.VerifyApproveWithoutEmpTypeTCB2G70034(TestClassAdminApproval.java:99)
at java.base/jdk.internal.reflect.NativeMethodAccessorImpl.invoke0(Native Method)
at java.base/jdk.internal.reflect.NativeMethodAccessorImpl.invoke(NativeMethodAccessorImpl.java:78)
at java.base/jdk.internal.reflect.DelegatingMethodAccessorImpl.invoke(DelegatingMethodAccessorImpl.java:43)
at java.base/java.lang.reflect.Method.invoke(Method.java:567)
at org.testng.internal.MethodInvocationHelper.invokeMethod(MethodInvocationHelper.java:133)
at org.testng.internal.TestInvoker.invokeMethod(TestInvoker.java:598)
at org.testng.internal.TestInvoker.invokeTestMethod(TestInvoker.java:173)
at org.testng.internal.MethodRunner.runInSequence(MethodRunner.java:46)
at org.testng.internal.TestInvoker$MethodInvocationAgent.invoke(TestInvoker.java:824)
at org.testng.internal.TestInvoker.invokeTestMethods(TestInvoker.java:146)
at org.testng.internal.TestMethodWorker.invokeTestMethods(TestMethodWorker.java:146)
at org.testng.internal.TestMethodWorker.run(TestMethodWorker.java:128)
at java.base/java.util.ArrayList.forEach(ArrayList.java:1511)
at org.testng.TestRunner.privateRun(TestRunner.java:794)
at org.testng.TestRunner.run(TestRunner.java:596)
at org.testng.SuiteRunner.runTest(SuiteRunner.java:377)
at org.testng.SuiteRunner.access$000(SuiteRunner.java:28)
at org.testng.SuiteRunner$SuiteWorker.run(SuiteRunner.java:418)
at org.testng.internal.thread.ThreadUtil.lambda$execute$0(ThreadUtil.java:64)
at java.base/java.util.concurrent.FutureTask.run(FutureTask.java:264)
at java.base/java.util.concurrent.ThreadPoolExecutor.runWorker(ThreadPoolExecutor.java:1130)
at java.base/java.util.concurrent.ThreadPoolExecutor$Worker.run(ThreadPoolExecutor.java:630)
at java.base/java.lang.Thread.run(Thread.java:831)
]]>
    </failure>
  </testcase> <!-- VerifyApproveWithoutEmpTypeTCB2G70034 -->
  <system-out/>
  <testcase classname="com.TrainerManagementSystem.scripts.TestClassAdminApproval" name="VerifyRejectButtonTCB2G70037" time="0.223"/>
  <system-out/>
  <testcase classname="com.TrainerManagementSystem.scripts.TestClassAdminApproval" name="VerifyPageScrollingTCB2G70031" time="0.097"/>
  <system-out/>
</testsuite> <!-- com.TrainerManagementSystem.scripts.TestClassAdminApproval -->
